<?xml version="1.0" encoding="UTF-8"?>
<!-- Generated by org.testng.reporters.JUnitReportReporter -->
<testsuite hostname="DESKTOP-8JJUN36" failures="0" tests="6" name="com.generic.Post" time="0.731" errors="0" timestamp="2024-02-08T01:02:37 EST" skipped="0">
  <testcase classname="com.generic.Post" name="getStatCode" time="0.002"/>
  <system-out/>
  <testcase classname="com.generic.Post" name="getResponseTime" time="0.001"/>
  <system-out/>
  <testcase classname="com.generic.Post" name="getAttributeValue" time="0.700"/>
  <system-out/>
  <testcase classname="com.generic.Post" name="getContentType" time="0.004"/>
  <system-out/>
  <testcase classname="com.generic.Post" name="getBodyNotNull" time="0.005"/>
  <system-out/>
  <testcase classname="com.generic.Post" name="getAttributeKey" time="0.019"/>
  <system-out/>
</testsuite> <!-- com.generic.Post -->
