<?xml version="1.0" encoding="UTF-8"?>
<!-- Generated by org.testng.reporters.JUnitReportReporter -->
<testsuite hostname="DESKTOP-8JJUN36" failures="0" tests="5" name="com.generic.ReadData" time="0.037" errors="0" timestamp="2024-02-08T01:02:37 EST" skipped="0">
  <testcase classname="com.generic.ReadData" name="getAttributeValue" time="0.025"/>
  <system-out/>
  <testcase classname="com.generic.ReadData" name="getStatCode" time="0.003"/>
  <system-out/>
  <testcase classname="com.generic.ReadData" name="getBodyNotNull" time="0.005"/>
  <system-out/>
  <testcase classname="com.generic.ReadData" name="getResponseTime" time="0.003"/>
  <system-out/>
  <testcase classname="com.generic.ReadData" name="getContentType" time="0.001"/>
  <system-out/>
</testsuite> <!-- com.generic.ReadData -->
