<?xml version="1.0" encoding="UTF-8"?>
<!-- Generated by org.testng.reporters.JUnitReportReporter -->
<testsuite hostname="DESKTOP-8JJUN36" failures="0" tests="4" name="com.generic.Api_Test" time="0.681" errors="0" timestamp="2024-02-02T15:37:48 EST" skipped="0">
  <testcase classname="com.generic.Api_Test" name="getResponseTime" time="0.004"/>
  <system-out/>
  <testcase classname="com.generic.Api_Test" name="getAttributeValue" time="0.658"/>
  <system-out/>
  <testcase classname="com.generic.Api_Test" name="getContentType" time="0.011"/>
  <system-out/>
  <testcase classname="com.generic.Api_Test" name="getStatCode" time="0.008"/>
  <system-out/>
</testsuite> <!-- com.generic.Api_Test -->
